<?xml version="1.0" encoding="UTF-8"?>
<!-- Generated by org.testng.reporters.JUnitReportReporter -->
<testsuite skipped="0" hostname="HCL" name="testCases.OpenBrowser2" tests="1" failures="0" timestamp="19 Jan 2019 04:11:07 GMT" time="5.713" errors="0">
  <testcase name="foo" time="5.713" classname="testCases.OpenBrowser2"/>
</testsuite> <!-- testCases.OpenBrowser2 -->
