<?xml version="1.0" encoding="UTF-8"?>
<!-- Generated by org.testng.reporters.JUnitReportReporter -->
<testsuite skipped="0" hostname="HCL" name="testCases.OpenBrowser" tests="2" failures="0" timestamp="20 Jan 2019 14:54:03 GMT" time="0.028" errors="0">
  <testcase name="dataProvider" time="0.002" classname="testCases.OpenBrowser"/>
  <testcase name="dataProvider" time="0.026" classname="testCases.OpenBrowser"/>
</testsuite> <!-- testCases.OpenBrowser -->
